Arguments: 
  C:\Program Files\nodejs\node.exe C:\Program Files (x86)\Yarn\bin\yarn.js install

PATH: 
  C:\Program Files\PowerShell\7;C:\Program Files\Microsoft\jdk-11.0.12.7-hotspot\bin;C:\Program Files\Common Files\Microsoft Shared\Microsoft Online Services;C:\Program Files (x86)\Common Files\Microsoft Shared\Microsoft Online Services;C:\WINDOWS\system32;C:\WINDOWS;C:\WINDOWS\System32\Wbem;C:\WINDOWS\System32\WindowsPowerShell\v1.0\;C:\WINDOWS\System32\OpenSSH\;C:\ProgramData\chocolatey\bin;C:\Program Files\dotnet\;C:\Program Files (x86)\Yarn\bin\;C:\Program Files\Microsoft VS Code\bin;C:\Program Files\Git\cmd;C:\Program Files\Microsoft SQL Server\130\Tools\Binn\;C:\Program Files\Microsoft SQL Server\Client SDK\ODBC\170\Tools\Binn\;C:\Program Files (x86)\Microsoft SQL Server\150\DTS\Binn\;C:\Program Files (x86)\Microsoft SQL Server\150\Tools\Binn\;C:\Program Files\Microsoft SQL Server\150\Tools\Binn\;C:\Program Files\Microsoft SQL Server\150\DTS\Binn\;C:\Users\DOH\AppData\Roaming\nvm;C:\Program Files\nodejs;\\de-filesvr.vega.corp\topvis.dev\Drop\xdev;C:\Users\DOH\AppData\Local\Programs\Python\Python39;C:\Users\DOH\Downloads\openjdk-11+28_windows-x64_bin\jdk-11\bin;C:\Users\DOH\Downloads\sonar-scanner-cli-4.6.2.2472-windows\sonar-scanner-4.6.2.2472-windows\bin;C:\Program Files\PowerShell\7\;C:\Program Files\Docker\Docker\resources\bin;C:\ProgramData\DockerDesktop\version-bin;C:\Users\DOH\Downloads\cf8-cli_edge_winx64;C:\Users\DOH\AppData\Local\Programs\Python\Python39\Scripts\;C:\Users\DOH\AppData\Local\Programs\Python\Python39;C:\Users\DOH\AppData\Local\Microsoft\WindowsApps;C:\Users\DOH\AppData\Roaming\nvm;C:\Program Files\nodejs;C:\Users\DOH\.dotnet\tools;C:\Program Files (x86)\Sophos\Sophos SSL VPN Client\bin;C:\Users\DOH\Downloads\openjdk-11+28_windows-x64_bin\jdk-11\bin;C:\Users\DOH\Downloads\sonar-scanner-cli-4.6.2.2472-windows\sonar-scanner-4.6.2.2472-windows\bin;C:\Users\DOH\Downloads\cf8-cli_edge_winx64;C:\Program Files (x86)\BrowserStackLocal\;%VOLTA_HOME%\bin;;C:\Users\DOH\AppData\Local\Programs\oh-my-posh\bin

Yarn version: 
  1.22.5

Node version: 
  16.10.0

Platform: 
  win32 x64

Trace: 
  Error: https://registry.npmjs.com/hardhat%2fdeploy: Request "https://registry.npmjs.com/hardhat%2fdeploy" returned a 405
      at Request.params.callback [as _callback] (C:\Program Files (x86)\Yarn\lib\cli.js:66106:18)
      at Request.self.callback (C:\Program Files (x86)\Yarn\lib\cli.js:140749:22)
      at Request.emit (node:events:390:28)
      at Request.<anonymous> (C:\Program Files (x86)\Yarn\lib\cli.js:141721:10)
      at Request.emit (node:events:390:28)
      at IncomingMessage.<anonymous> (C:\Program Files (x86)\Yarn\lib\cli.js:141643:12)
      at Object.onceWrapper (node:events:509:28)
      at IncomingMessage.emit (node:events:402:35)
      at endReadableNT (node:internal/streams/readable:1343:12)
      at processTicksAndRejections (node:internal/process/task_queues:83:21)

npm manifest: 
  {
    "name": "ewwworld",
    "version": "0.0.0",
    "description": "",
    "main": "index.js",
    "scripts": {
      "compile": "npx hardhat compile",
      "test": "npx hardhat test",
      "test:gas": "UPDATE_SNAPSHOT=1 yarn test --grep gas",
      "clean": "rm -rf ./artifacts ./cache ./typechain "
    },
    "license": "MIT",
    "devDependencies": {
      "@ethersproject/abi": "^5.7.0",
      "@ethersproject/providers": "^5.7.1",
      "@nomicfoundation/hardhat-chai-matchers": "^1.0.4",
      "@nomicfoundation/hardhat-network-helpers": "^1.0.6",
      "@nomicfoundation/hardhat-toolbox": "^2.0.0",
      "@nomiclabs/hardhat-ethers": "^2.2.0",
      "@nomiclabs/hardhat-etherscan": "^3.1.1",
      "@typechain/ethers-v5": "^10.1.0",
      "@typechain/hardhat": "^6.1.3",
      "@types/chai": "^4.3.3",
      "@types/mocha": "^10.0.0",
      "@types/node": "^18.11.2",
      "@uniswap/snapshot-gas-cost": "^1.0.0",
      "chai": "^4.3.6",
      "ethers": "^5.7.1",
      "hardhat": "^2.12.0",
      "hardhat-gas-reporter": "^1.0.9",
      "solidity-coverage": "^0.8.2",
      "ts-node": "^10.9.1",
      "typechain": "^8.1.0",
      "typescript": "^4.8.4",
      "dotenv" : "16.0.3",
      "hardhat/deploy" :""
    },
    "dependencies": {
      "@openzeppelin/contracts": "^4.8.0",
      "@ensdomains/ens-contracts" : "0.0.15",
      "mocha-chai-jest-snapshot": "^1.1.4"
    }
  }

yarn manifest: 
  No manifest

Lockfile: 
  No lockfile
